<?xml version="1.0" encoding="UTF-8"?>
<!-- Generated by org.testng.reporters.JUnitReportReporter -->
<testsuite ignored="0" hostname="DESKTOP-JKMLIMQ" failures="0" tests="1" name="testScenarios.TC002" time="0.480" errors="0" timestamp="17 Oct 2023 11:51:24 GMT" skipped="0">
  <testcase classname="testScenarios.TC002" name="test_the_apllication" time="0.480"/>
</testsuite> <!-- testScenarios.TC002 -->
